Arguments: 
  /usr/local/bin/node /usr/local/bin/yarn install

PATH: 
  /usr/local/bin:/usr/bin:/bin:/usr/sbin:/sbin:/Library/Apple/usr/bin

Yarn version: 
  1.22.17

Node version: 
  14.19.0

Platform: 
  darwin x64

Trace: 
  Error: ENOENT: no such file or directory, copyfile '/Users/tangqihui/Library/Caches/Yarn/v6/npm-@vueuse-shared-9.2.0-7831051b2c1d01c3413c749468ee53a86024510e-integrity/node_modules/@vueuse/shared/LICENSE' -> '/Users/tangqihui/桌面文件/工作/公司项目/御安项目/safe-product-authority-browser/node_modules/element-plus/node_modules/@vueuse/shared/LICENSE'

npm manifest: 
  {
    "name": "safe-product-authority-browser",
    "version": "1.7.8",
    "description": "",
    "main": "./src/index",
    "scripts": {
      "dev": "vite",
      "test": "cross-env vite build --mode test",
      "build": "cross-env vite build --mode production",
      "preview": "vite preview"
    },
    "author": "",
    "license": "ISC",
    "dependencies": {
      "@vueuse/core": "^8.9.1",
      "axios": "^0.27.2",
      "crypto-js": "^4.1.1",
      "dayjs": "^1.11.4",
      "element-plus": "^2.2.12",
      "js-base64": "^3.7.2",
      "js-cookie": "^3.0.1",
      "pinia": "^2.0.14",
      "qs": "^6.11.0",
      "sass": "^1.53.0",
      "vue": "^3.2.25",
      "vue-router": "^4.0.16",
      "yuan-plus": "1.8.1"
    },
    "devDependencies": {
      "@vitejs/plugin-vue": "^2.3.3",
      "cross-env": "^7.0.3",
      "unplugin-auto-import": "^0.9.2",
      "unplugin-vue-components": "^0.21.1",
      "vite": "^2.9.12"
    }
  }

yarn manifest: 
  No manifest

Lockfile: 
  No lockfile
